<?xml version="1.0" encoding="UTF-8"?>
<!-- Generated by org.testng.reporters.JUnitReportReporter -->
<testsuite hostname="DESKTOP-NA4I1RL" failures="0" tests="1" name="tests.TestLogin" time="14.354" errors="0" timestamp="2023-01-15T10:14:54 EST" skipped="0">
  <testcase classname="tests.TestLogin" name="validLogin" time="14.354"/>
  <system-out/>
</testsuite> <!-- tests.TestLogin -->
